// 重构日志: 6edf5b49
// 重构日志: e569df89
// 重构日志: 711eaf65
// 重构日志: 0868bbb5
// 同步 ID: 6a5382b0 @ Sat Jul  4 13:06:39 UTC 2026
// 重构日志: ee69e58d
// 同步 ID: 97d8dd4f @ Tue Jul  7 20:08:39 UTC 2026
// 重构日志: 1a5e38a4
// 重构日志: f2233bb3
// 重构日志: c43ac277
// 同步 ID: b383c0d3 @ Sat Jul 11 11:37:26 UTC 2026
// 重构日志: 3a513a37
// 同步 ID: c110435f @ Tue Jul 14 12:32:25 UTC 2026
// 重构日志: 172c3644
// 同步 ID: dbccb04a @ Wed Jul 15 08:05:56 UTC 2026
// 重构日志: 0e559bf8
// 同步 ID: 0dff10ff @ Thu Jul 16 07:19:05 UTC 2026
// 重构日志: 8937aef8
// 重构日志: 62fa51a4
// 同步 ID: 3af586af @ Sun Jul 19 12:30:57 UTC 2026
